This is pdfTeX, Version 3.14159265-2.6-1.40.17 (MiKTeX 2.9.6210 64-bit) (preloaded format=pdflatex 2018.3.23)  15 MAY 2018 20:19
entering extended mode
**./create_Table.tex
(create_Table.tex
LaTeX2e <2016/03/31> patch level 3
Babel <3.9r> and hyphenation patterns for 75 language(s) loaded.
("C:\Program Files\MiKTeX 2.9\tex\latex\base\article.cls"
Document Class: article 2014/09/29 v1.4h Standard LaTeX document class
("C:\Program Files\MiKTeX 2.9\tex\latex\base\size10.clo"
File: size10.clo 2014/09/29 v1.4h Standard LaTeX file (size option)
)
\c@part=\count79
\c@section=\count80
\c@subsection=\count81
\c@subsubsection=\count82
\c@paragraph=\count83
\c@subparagraph=\count84
\c@figure=\count85
\c@table=\count86
\abovecaptionskip=\skip41
\belowcaptionskip=\skip42
\bibindent=\dimen102
) (create_Table.aux)
\openout1 = `create_Table.aux'.

LaTeX Font Info:    Checking defaults for OML/cmm/m/it on input line 7.
LaTeX Font Info:    ... okay on input line 7.
LaTeX Font Info:    Checking defaults for T1/cmr/m/n on input line 7.
LaTeX Font Info:    ... okay on input line 7.
LaTeX Font Info:    Checking defaults for OT1/cmr/m/n on input line 7.
LaTeX Font Info:    ... okay on input line 7.
LaTeX Font Info:    Checking defaults for OMS/cmsy/m/n on input line 7.
LaTeX Font Info:    ... okay on input line 7.
LaTeX Font Info:    Checking defaults for OMX/cmex/m/n on input line 7.
LaTeX Font Info:    ... okay on input line 7.
LaTeX Font Info:    Checking defaults for U/cmr/m/n on input line 7.
LaTeX Font Info:    ... okay on input line 7.
LaTeX Font Info:    External font `cmex10' loaded for size
(Font)              <17.28> on input line 9.
LaTeX Font Info:    External font `cmex10' loaded for size
(Font)              <12> on input line 9.
LaTeX Font Info:    External font `cmex10' loaded for size
(Font)              <8> on input line 9.
LaTeX Font Info:    External font `cmex10' loaded for size
(Font)              <6> on input line 9.
LaTeX Font Info:    External font `cmex10' loaded for size
(Font)              <14.4> on input line 11.
LaTeX Font Info:    External font `cmex10' loaded for size
(Font)              <7> on input line 11.
LaTeX Font Info:    External font `cmex10' loaded for size
(Font)              <5> on input line 15.

[1

{C:/Users/Mahe/AppData/Local/MiKTeX/2.9/pdftex/config/pdftex.map}]
(create_Table.aux) ) 
Here is how much of TeX's memory you used:
 240 strings out of 493333
 2595 string characters out of 3139197
 54242 words of memory out of 3000000
 3845 multiletter control sequences out of 15000+200000
 8818 words of font info for 31 fonts, out of 3000000 for 9000
 1141 hyphenation exceptions out of 8191
 23i,7n,20p,152b,208s stack positions out of 5000i,500n,10000p,200000b,50000s
<C:/Program Files/MiKTeX 2.9/fonts/type1/public/amsfonts/cm
/cmbx10.pfb><C:/Program Files/MiKTeX 2.9/fonts/type1/public/amsfonts/cm/cmbx12.
pfb><C:/Program Files/MiKTeX 2.9/fonts/type1/public/amsfonts/cm/cmr10.pfb><C:/P
rogram Files/MiKTeX 2.9/fonts/type1/public/amsfonts/cm/cmr12.pfb><C:/Program Fi
les/MiKTeX 2.9/fonts/type1/public/amsfonts/cm/cmr17.pfb><C:/Program Files/MiKTe
X 2.9/fonts/type1/public/amsfonts/cm/cmr7.pfb>
Output written on create_Table.pdf (1 page, 65057 bytes).
PDF statistics:
 30 PDF objects out of 1000 (max. 8388607)
 0 named destinations out of 1000 (max. 500000)
 1 words of extra memory for PDF output out of 10000 (max. 10000000)

